[01:24:49] [main/WARN]: Ambiguity between arguments [teleport, destination] and [teleport, targets] with inputs: [Player, 0123, @e, dd12be42-52a9-4a91-a8a1-11c01849e498]
[01:24:49] [main/WARN]: Ambiguity between arguments [teleport, location] and [teleport, destination] with inputs: [0.1 -0.5 .9, 0 0 0]
[01:24:49] [main/WARN]: Ambiguity between arguments [teleport, location] and [teleport, targets] with inputs: [0.1 -0.5 .9, 0 0 0]
[01:24:49] [main/WARN]: Ambiguity between arguments [teleport, targets] and [teleport, destination] with inputs: [Player, 0123, dd12be42-52a9-4a91-a8a1-11c01849e498]
[01:24:49] [main/WARN]: Ambiguity between arguments [teleport, targets, location] and [teleport, targets, destination] with inputs: [0.1 -0.5 .9, 0 0 0]
[01:24:49] [main/INFO]: Reloading ResourceManager: Default
[01:24:51] [Worker-Main-2/INFO]: Loaded 7 recipes
[01:24:51] [Worker-Main-2/INFO]: Loaded 927 advancements
[01:24:54] [Server thread/INFO]: Starting minecraft server version 1.16.5
[01:24:54] [Server thread/INFO]: Loading properties
[01:24:54] [Server thread/INFO]: Default game type: SURVIVAL
[01:24:54] [Server thread/INFO]: Generating keypair
[01:24:54] [Server thread/INFO]: Starting Minecraft server on *:25565
[01:24:54] [Server thread/INFO]: Using epoll channel type
[01:24:54] [Server thread/WARN]: **** SERVER IS RUNNING IN OFFLINE/INSECURE MODE!
[01:24:54] [Server thread/WARN]: The server will make no attempt to authenticate usernames. Beware.
[01:24:54] [Server thread/WARN]: While this makes the game possible to play without internet access, it also opens up the ability for hackers to connect with any username they choose.
[01:24:54] [Server thread/WARN]: To change this, set "online-mode" to "true" in the server.properties file.
[01:24:54] [Server thread/INFO]: Preparing level "world"
[01:24:54] [Server thread/INFO]: Preparing start region for dimension minecraft:overworld
[01:24:56] [Server thread/INFO]: Preparing spawn area: 0%
[01:24:56] [Server thread/INFO]: Preparing spawn area: 0%
[01:24:56] [Server thread/INFO]: Preparing spawn area: 0%
[01:24:56] [Server thread/INFO]: Preparing spawn area: 0%
[01:24:56] [Server thread/INFO]: Preparing spawn area: 0%
[01:24:57] [Server thread/INFO]: Preparing spawn area: 5%
[01:24:58] [Server thread/INFO]: Time elapsed: 3404 ms
[01:24:58] [Server thread/INFO]: Done (3.528s)! For help, type "help"
[01:25:01] [Server thread/INFO]: ElPixhulaXD[/127.56.47.36:40013] logged in with entity id 165 at (8.5, 66.0, 0.5)
[01:25:01] [Server thread/INFO]: ElPixhulaXD joined the game
